Determining if the function get_current_dir_name exists failed with the following output:
Change Dir: /home/mpcjanssen/src/simpletask-android/cli/CMakeFiles/CMakeTmp

Run Build Command:"/usr/bin/make" "cmTC_79617/fast"
/usr/bin/make -f CMakeFiles/cmTC_79617.dir/build.make CMakeFiles/cmTC_79617.dir/build
make[1]: Entering directory '/home/mpcjanssen/src/simpletask-android/cli/CMakeFiles/CMakeTmp'
Building C object CMakeFiles/cmTC_79617.dir/CheckFunctionExists.c.o
/home/mpcjanssen/bin/android/ndk-bundle/toolchains/x86-4.9/prebuilt/linux-x86_64/bin/i686-linux-android-gcc  -DANDROID -isystem /home/mpcjanssen/bin/android/ndk-bundle/platforms/android-16/arch-x86/usr/include -isystem /home/mpcjanssen/bin/android/ndk-bundle/sources/cxx-stl/gnu-libstdc++/4.9/include -isystem /home/mpcjanssen/bin/android/ndk-bundle/sources/cxx-stl/gnu-libstdc++/4.9/libs/x86/include -isystem /home/mpcjanssen/bin/android/ndk-bundle/sources/cxx-stl/gnu-libstdc++/4.9/include/backward  -fexceptions --sysroot=/home/mpcjanssen/bin/android/ndk-bundle/platforms/android-16/arch-x86 -funwind-tables -funswitch-loops -finline-limit=300 -fsigned-char -no-canonical-prefixes -fdata-sections -ffunction-sections -Wa,--noexecstack  -DCHECK_FUNCTION_EXISTS=get_current_dir_name -fPIE   -o CMakeFiles/cmTC_79617.dir/CheckFunctionExists.c.o   -c /usr/share/cmake-3.7/Modules/CheckFunctionExists.c
Linking C executable cmTC_79617
/usr/bin/cmake -E cmake_link_script CMakeFiles/cmTC_79617.dir/link.txt --verbose=1
/home/mpcjanssen/bin/android/ndk-bundle/toolchains/x86-4.9/prebuilt/linux-x86_64/bin/i686-linux-android-gcc  -fexceptions --sysroot=/home/mpcjanssen/bin/android/ndk-bundle/platforms/android-16/arch-x86 -funwind-tables -funswitch-loops -finline-limit=300 -fsigned-char -no-canonical-prefixes -fdata-sections -ffunction-sections -Wa,--noexecstack  -DCHECK_FUNCTION_EXISTS=get_current_dir_name   -Wl,--no-undefined -Wl,-allow-shlib-undefined -Wl,--gc-sections -Wl,-z,noexecstack -Wl,-z,relro -Wl,-z,now -Wl,-z,nocopyreloc -fPIE -pie  CMakeFiles/cmTC_79617.dir/CheckFunctionExists.c.o -o cmTC_79617  -L/libs/x86   "/home/mpcjanssen/bin/android/ndk-bundle/sources/cxx-stl/gnu-libstdc++/4.9/libs/x86/libsupc++.a"
CMakeFiles/cmTC_79617.dir/CheckFunctionExists.c.o:CheckFunctionExists.c:function main: error: undefined reference to 'get_current_dir_name'
collect2: error: ld returned 1 exit status
CMakeFiles/cmTC_79617.dir/build.make:97: recipe for target 'cmTC_79617' failed
make[1]: *** [cmTC_79617] Error 1
make[1]: Leaving directory '/home/mpcjanssen/src/simpletask-android/cli/CMakeFiles/CMakeTmp'
Makefile:126: recipe for target 'cmTC_79617/fast' failed
make: *** [cmTC_79617/fast] Error 2


Determining if the function wordexp exists failed with the following output:
Change Dir: /home/mpcjanssen/src/simpletask-android/cli/CMakeFiles/CMakeTmp

Run Build Command:"/usr/bin/make" "cmTC_5d4ae/fast"
/usr/bin/make -f CMakeFiles/cmTC_5d4ae.dir/build.make CMakeFiles/cmTC_5d4ae.dir/build
make[1]: Entering directory '/home/mpcjanssen/src/simpletask-android/cli/CMakeFiles/CMakeTmp'
Building C object CMakeFiles/cmTC_5d4ae.dir/CheckFunctionExists.c.o
/home/mpcjanssen/bin/android/ndk-bundle/toolchains/x86-4.9/prebuilt/linux-x86_64/bin/i686-linux-android-gcc  -DANDROID -isystem /home/mpcjanssen/bin/android/ndk-bundle/platforms/android-16/arch-x86/usr/include -isystem /home/mpcjanssen/bin/android/ndk-bundle/sources/cxx-stl/gnu-libstdc++/4.9/include -isystem /home/mpcjanssen/bin/android/ndk-bundle/sources/cxx-stl/gnu-libstdc++/4.9/libs/x86/include -isystem /home/mpcjanssen/bin/android/ndk-bundle/sources/cxx-stl/gnu-libstdc++/4.9/include/backward  -fexceptions --sysroot=/home/mpcjanssen/bin/android/ndk-bundle/platforms/android-16/arch-x86 -funwind-tables -funswitch-loops -finline-limit=300 -fsigned-char -no-canonical-prefixes -fdata-sections -ffunction-sections -Wa,--noexecstack  -DCHECK_FUNCTION_EXISTS=wordexp -fPIE   -o CMakeFiles/cmTC_5d4ae.dir/CheckFunctionExists.c.o   -c /usr/share/cmake-3.7/Modules/CheckFunctionExists.c
Linking C executable cmTC_5d4ae
/usr/bin/cmake -E cmake_link_script CMakeFiles/cmTC_5d4ae.dir/link.txt --verbose=1
/home/mpcjanssen/bin/android/ndk-bundle/toolchains/x86-4.9/prebuilt/linux-x86_64/bin/i686-linux-android-gcc  -fexceptions --sysroot=/home/mpcjanssen/bin/android/ndk-bundle/platforms/android-16/arch-x86 -funwind-tables -funswitch-loops -finline-limit=300 -fsigned-char -no-canonical-prefixes -fdata-sections -ffunction-sections -Wa,--noexecstack  -DCHECK_FUNCTION_EXISTS=wordexp   -Wl,--no-undefined -Wl,-allow-shlib-undefined -Wl,--gc-sections -Wl,-z,noexecstack -Wl,-z,relro -Wl,-z,now -Wl,-z,nocopyreloc -fPIE -pie  CMakeFiles/cmTC_5d4ae.dir/CheckFunctionExists.c.o -o cmTC_5d4ae  -L/libs/x86   "/home/mpcjanssen/bin/android/ndk-bundle/sources/cxx-stl/gnu-libstdc++/4.9/libs/x86/libsupc++.a"
CMakeFiles/cmTC_5d4ae.dir/CheckFunctionExists.c.o:CheckFunctionExists.c:function main: error: undefined reference to 'wordexp'
collect2: error: ld returned 1 exit status
CMakeFiles/cmTC_5d4ae.dir/build.make:97: recipe for target 'cmTC_5d4ae' failed
make[1]: *** [cmTC_5d4ae] Error 1
make[1]: Leaving directory '/home/mpcjanssen/src/simpletask-android/cli/CMakeFiles/CMakeTmp'
Makefile:126: recipe for target 'cmTC_5d4ae/fast' failed
make: *** [cmTC_5d4ae/fast] Error 2


Performing C SOURCE FILE Test HAVE_ST_BIRTHTIME failed with the following output:
Change Dir: /home/mpcjanssen/src/simpletask-android/cli/CMakeFiles/CMakeTmp

Run Build Command:"/usr/bin/make" "cmTC_f16d1/fast"
/usr/bin/make -f CMakeFiles/cmTC_f16d1.dir/build.make CMakeFiles/cmTC_f16d1.dir/build
make[1]: Entering directory '/home/mpcjanssen/src/simpletask-android/cli/CMakeFiles/CMakeTmp'
Building C object CMakeFiles/cmTC_f16d1.dir/src.c.o
/home/mpcjanssen/bin/android/ndk-bundle/toolchains/x86-4.9/prebuilt/linux-x86_64/bin/i686-linux-android-gcc  -DANDROID -isystem /home/mpcjanssen/bin/android/ndk-bundle/platforms/android-16/arch-x86/usr/include -isystem /home/mpcjanssen/bin/android/ndk-bundle/sources/cxx-stl/gnu-libstdc++/4.9/include -isystem /home/mpcjanssen/bin/android/ndk-bundle/sources/cxx-stl/gnu-libstdc++/4.9/libs/x86/include -isystem /home/mpcjanssen/bin/android/ndk-bundle/sources/cxx-stl/gnu-libstdc++/4.9/include/backward  -fexceptions --sysroot=/home/mpcjanssen/bin/android/ndk-bundle/platforms/android-16/arch-x86 -funwind-tables -funswitch-loops -finline-limit=300 -fsigned-char -no-canonical-prefixes -fdata-sections -ffunction-sections -Wa,--noexecstack  -DHAVE_ST_BIRTHTIME -fPIE   -o CMakeFiles/cmTC_f16d1.dir/src.c.o   -c /home/mpcjanssen/src/simpletask-android/cli/CMakeFiles/CMakeTmp/src.c
/home/mpcjanssen/src/simpletask-android/cli/CMakeFiles/CMakeTmp/src.c: In function 'main':
/home/mpcjanssen/src/simpletask-android/cli/CMakeFiles/CMakeTmp/src.c:7:35: error: 'struct stat' has no member named 'st_birthtime'
    (void)sizeof(((struct stat *)0)->st_birthtime);
                                   ^
CMakeFiles/cmTC_f16d1.dir/build.make:65: recipe for target 'CMakeFiles/cmTC_f16d1.dir/src.c.o' failed
make[1]: *** [CMakeFiles/cmTC_f16d1.dir/src.c.o] Error 1
make[1]: Leaving directory '/home/mpcjanssen/src/simpletask-android/cli/CMakeFiles/CMakeTmp'
Makefile:126: recipe for target 'cmTC_f16d1/fast' failed
make: *** [cmTC_f16d1/fast] Error 2

Source file was:

#include <sys/types.h>
#include <sys/stat.h>

int main()
{
   (void)sizeof(((struct stat *)0)->st_birthtime);
   return 0;
}

