The target system is: Android - 1 - i686
The host system is: Linux - 4.10.0-32-generic - x86_64
Performing C++ SOURCE FILE Test _HAS_CXX11 succeeded with the following output:
Change Dir: /home/mpcjanssen/src/simpletask-android/cli/CMakeFiles/CMakeTmp

Run Build Command:"/usr/bin/make" "cmTC_45c2d/fast"
/usr/bin/make -f CMakeFiles/cmTC_45c2d.dir/build.make CMakeFiles/cmTC_45c2d.dir/build
make[1]: Entering directory '/home/mpcjanssen/src/simpletask-android/cli/CMakeFiles/CMakeTmp'
Building CXX object CMakeFiles/cmTC_45c2d.dir/src.cxx.o
/home/mpcjanssen/bin/android/ndk-bundle/toolchains/x86-4.9/prebuilt/linux-x86_64/bin/i686-linux-android-g++   -DANDROID -isystem /home/mpcjanssen/bin/android/ndk-bundle/platforms/android-16/arch-x86/usr/include -isystem /home/mpcjanssen/bin/android/ndk-bundle/sources/cxx-stl/gnu-libstdc++/4.9/include -isystem /home/mpcjanssen/bin/android/ndk-bundle/sources/cxx-stl/gnu-libstdc++/4.9/libs/x86/include -isystem /home/mpcjanssen/bin/android/ndk-bundle/sources/cxx-stl/gnu-libstdc++/4.9/include/backward  -fexceptions -frtti --sysroot=/home/mpcjanssen/bin/android/ndk-bundle/platforms/android-16/arch-x86 -funwind-tables -funswitch-loops -finline-limit=300 -fsigned-char -no-canonical-prefixes -fdata-sections -ffunction-sections -Wa,--noexecstack  -D_HAS_CXX11 -fPIE   -std=c++11 -o CMakeFiles/cmTC_45c2d.dir/src.cxx.o -c /home/mpcjanssen/src/simpletask-android/cli/CMakeFiles/CMakeTmp/src.cxx
Linking CXX executable cmTC_45c2d
/usr/bin/cmake -E cmake_link_script CMakeFiles/cmTC_45c2d.dir/link.txt --verbose=1
/home/mpcjanssen/bin/android/ndk-bundle/toolchains/x86-4.9/prebuilt/linux-x86_64/bin/i686-linux-android-gcc -fexceptions -frtti --sysroot=/home/mpcjanssen/bin/android/ndk-bundle/platforms/android-16/arch-x86 -funwind-tables -funswitch-loops -finline-limit=300 -fsigned-char -no-canonical-prefixes -fdata-sections -ffunction-sections -Wa,--noexecstack  -D_HAS_CXX11   -Wl,--no-undefined -Wl,-allow-shlib-undefined -Wl,--gc-sections -Wl,-z,noexecstack -Wl,-z,relro -Wl,-z,now -Wl,-z,nocopyreloc -fPIE -pie  CMakeFiles/cmTC_45c2d.dir/src.cxx.o -o cmTC_45c2d  -L/libs/x86   "/home/mpcjanssen/bin/android/ndk-bundle/sources/cxx-stl/gnu-libstdc++/4.9/libs/x86/libgnustl_static.a" "/home/mpcjanssen/bin/android/ndk-bundle/sources/cxx-stl/gnu-libstdc++/4.9/libs/x86/libsupc++.a" -lm
make[1]: Leaving directory '/home/mpcjanssen/src/simpletask-android/cli/CMakeFiles/CMakeTmp'

Source file was:
int main() { return 0; }
Performing C++ SOURCE FILE Test _HAS_CXX0X succeeded with the following output:
Change Dir: /home/mpcjanssen/src/simpletask-android/cli/CMakeFiles/CMakeTmp

Run Build Command:"/usr/bin/make" "cmTC_9fdfa/fast"
/usr/bin/make -f CMakeFiles/cmTC_9fdfa.dir/build.make CMakeFiles/cmTC_9fdfa.dir/build
make[1]: Entering directory '/home/mpcjanssen/src/simpletask-android/cli/CMakeFiles/CMakeTmp'
Building CXX object CMakeFiles/cmTC_9fdfa.dir/src.cxx.o
/home/mpcjanssen/bin/android/ndk-bundle/toolchains/x86-4.9/prebuilt/linux-x86_64/bin/i686-linux-android-g++   -DANDROID -isystem /home/mpcjanssen/bin/android/ndk-bundle/platforms/android-16/arch-x86/usr/include -isystem /home/mpcjanssen/bin/android/ndk-bundle/sources/cxx-stl/gnu-libstdc++/4.9/include -isystem /home/mpcjanssen/bin/android/ndk-bundle/sources/cxx-stl/gnu-libstdc++/4.9/libs/x86/include -isystem /home/mpcjanssen/bin/android/ndk-bundle/sources/cxx-stl/gnu-libstdc++/4.9/include/backward  -fexceptions -frtti --sysroot=/home/mpcjanssen/bin/android/ndk-bundle/platforms/android-16/arch-x86 -funwind-tables -funswitch-loops -finline-limit=300 -fsigned-char -no-canonical-prefixes -fdata-sections -ffunction-sections -Wa,--noexecstack  -D_HAS_CXX0X -fPIE   -std=c++0x -o CMakeFiles/cmTC_9fdfa.dir/src.cxx.o -c /home/mpcjanssen/src/simpletask-android/cli/CMakeFiles/CMakeTmp/src.cxx
Linking CXX executable cmTC_9fdfa
/usr/bin/cmake -E cmake_link_script CMakeFiles/cmTC_9fdfa.dir/link.txt --verbose=1
/home/mpcjanssen/bin/android/ndk-bundle/toolchains/x86-4.9/prebuilt/linux-x86_64/bin/i686-linux-android-gcc -fexceptions -frtti --sysroot=/home/mpcjanssen/bin/android/ndk-bundle/platforms/android-16/arch-x86 -funwind-tables -funswitch-loops -finline-limit=300 -fsigned-char -no-canonical-prefixes -fdata-sections -ffunction-sections -Wa,--noexecstack  -D_HAS_CXX0X   -Wl,--no-undefined -Wl,-allow-shlib-undefined -Wl,--gc-sections -Wl,-z,noexecstack -Wl,-z,relro -Wl,-z,now -Wl,-z,nocopyreloc -fPIE -pie  CMakeFiles/cmTC_9fdfa.dir/src.cxx.o -o cmTC_9fdfa  -L/libs/x86   "/home/mpcjanssen/bin/android/ndk-bundle/sources/cxx-stl/gnu-libstdc++/4.9/libs/x86/libgnustl_static.a" "/home/mpcjanssen/bin/android/ndk-bundle/sources/cxx-stl/gnu-libstdc++/4.9/libs/x86/libsupc++.a" -lm
make[1]: Leaving directory '/home/mpcjanssen/src/simpletask-android/cli/CMakeFiles/CMakeTmp'

Source file was:
int main() { return 0; }
Performing C++ SOURCE FILE Test _HAS_GNU0X succeeded with the following output:
Change Dir: /home/mpcjanssen/src/simpletask-android/cli/CMakeFiles/CMakeTmp

Run Build Command:"/usr/bin/make" "cmTC_0b8a3/fast"
/usr/bin/make -f CMakeFiles/cmTC_0b8a3.dir/build.make CMakeFiles/cmTC_0b8a3.dir/build
make[1]: Entering directory '/home/mpcjanssen/src/simpletask-android/cli/CMakeFiles/CMakeTmp'
Building CXX object CMakeFiles/cmTC_0b8a3.dir/src.cxx.o
/home/mpcjanssen/bin/android/ndk-bundle/toolchains/x86-4.9/prebuilt/linux-x86_64/bin/i686-linux-android-g++   -DANDROID -isystem /home/mpcjanssen/bin/android/ndk-bundle/platforms/android-16/arch-x86/usr/include -isystem /home/mpcjanssen/bin/android/ndk-bundle/sources/cxx-stl/gnu-libstdc++/4.9/include -isystem /home/mpcjanssen/bin/android/ndk-bundle/sources/cxx-stl/gnu-libstdc++/4.9/libs/x86/include -isystem /home/mpcjanssen/bin/android/ndk-bundle/sources/cxx-stl/gnu-libstdc++/4.9/include/backward  -fexceptions -frtti --sysroot=/home/mpcjanssen/bin/android/ndk-bundle/platforms/android-16/arch-x86 -funwind-tables -funswitch-loops -finline-limit=300 -fsigned-char -no-canonical-prefixes -fdata-sections -ffunction-sections -Wa,--noexecstack  -D_HAS_GNU0X -fPIE   -std=gnu++0x -o CMakeFiles/cmTC_0b8a3.dir/src.cxx.o -c /home/mpcjanssen/src/simpletask-android/cli/CMakeFiles/CMakeTmp/src.cxx
Linking CXX executable cmTC_0b8a3
/usr/bin/cmake -E cmake_link_script CMakeFiles/cmTC_0b8a3.dir/link.txt --verbose=1
/home/mpcjanssen/bin/android/ndk-bundle/toolchains/x86-4.9/prebuilt/linux-x86_64/bin/i686-linux-android-gcc -fexceptions -frtti --sysroot=/home/mpcjanssen/bin/android/ndk-bundle/platforms/android-16/arch-x86 -funwind-tables -funswitch-loops -finline-limit=300 -fsigned-char -no-canonical-prefixes -fdata-sections -ffunction-sections -Wa,--noexecstack  -D_HAS_GNU0X   -Wl,--no-undefined -Wl,-allow-shlib-undefined -Wl,--gc-sections -Wl,-z,noexecstack -Wl,-z,relro -Wl,-z,now -Wl,-z,nocopyreloc -fPIE -pie  CMakeFiles/cmTC_0b8a3.dir/src.cxx.o -o cmTC_0b8a3  -L/libs/x86   "/home/mpcjanssen/bin/android/ndk-bundle/sources/cxx-stl/gnu-libstdc++/4.9/libs/x86/libgnustl_static.a" "/home/mpcjanssen/bin/android/ndk-bundle/sources/cxx-stl/gnu-libstdc++/4.9/libs/x86/libsupc++.a" -lm
make[1]: Leaving directory '/home/mpcjanssen/src/simpletask-android/cli/CMakeFiles/CMakeTmp'

Source file was:
int main() { return 0; }
Determining if the function timegm exists passed with the following output:
Change Dir: /home/mpcjanssen/src/simpletask-android/cli/CMakeFiles/CMakeTmp

Run Build Command:"/usr/bin/make" "cmTC_03477/fast"
/usr/bin/make -f CMakeFiles/cmTC_03477.dir/build.make CMakeFiles/cmTC_03477.dir/build
make[1]: Entering directory '/home/mpcjanssen/src/simpletask-android/cli/CMakeFiles/CMakeTmp'
Building C object CMakeFiles/cmTC_03477.dir/CheckFunctionExists.c.o
/home/mpcjanssen/bin/android/ndk-bundle/toolchains/x86-4.9/prebuilt/linux-x86_64/bin/i686-linux-android-gcc  -DANDROID -isystem /home/mpcjanssen/bin/android/ndk-bundle/platforms/android-16/arch-x86/usr/include -isystem /home/mpcjanssen/bin/android/ndk-bundle/sources/cxx-stl/gnu-libstdc++/4.9/include -isystem /home/mpcjanssen/bin/android/ndk-bundle/sources/cxx-stl/gnu-libstdc++/4.9/libs/x86/include -isystem /home/mpcjanssen/bin/android/ndk-bundle/sources/cxx-stl/gnu-libstdc++/4.9/include/backward  -fexceptions --sysroot=/home/mpcjanssen/bin/android/ndk-bundle/platforms/android-16/arch-x86 -funwind-tables -funswitch-loops -finline-limit=300 -fsigned-char -no-canonical-prefixes -fdata-sections -ffunction-sections -Wa,--noexecstack  -DCHECK_FUNCTION_EXISTS=timegm -fPIE   -o CMakeFiles/cmTC_03477.dir/CheckFunctionExists.c.o   -c /usr/share/cmake-3.7/Modules/CheckFunctionExists.c
Linking C executable cmTC_03477
/usr/bin/cmake -E cmake_link_script CMakeFiles/cmTC_03477.dir/link.txt --verbose=1
/home/mpcjanssen/bin/android/ndk-bundle/toolchains/x86-4.9/prebuilt/linux-x86_64/bin/i686-linux-android-gcc  -fexceptions --sysroot=/home/mpcjanssen/bin/android/ndk-bundle/platforms/android-16/arch-x86 -funwind-tables -funswitch-loops -finline-limit=300 -fsigned-char -no-canonical-prefixes -fdata-sections -ffunction-sections -Wa,--noexecstack  -DCHECK_FUNCTION_EXISTS=timegm   -Wl,--no-undefined -Wl,-allow-shlib-undefined -Wl,--gc-sections -Wl,-z,noexecstack -Wl,-z,relro -Wl,-z,now -Wl,-z,nocopyreloc -fPIE -pie  CMakeFiles/cmTC_03477.dir/CheckFunctionExists.c.o -o cmTC_03477  -L/libs/x86   "/home/mpcjanssen/bin/android/ndk-bundle/sources/cxx-stl/gnu-libstdc++/4.9/libs/x86/libsupc++.a"
make[1]: Leaving directory '/home/mpcjanssen/src/simpletask-android/cli/CMakeFiles/CMakeTmp'


Performing C SOURCE FILE Test HAVE_TM_GMTOFF succeeded with the following output:
Change Dir: /home/mpcjanssen/src/simpletask-android/cli/CMakeFiles/CMakeTmp

Run Build Command:"/usr/bin/make" "cmTC_eb9fb/fast"
/usr/bin/make -f CMakeFiles/cmTC_eb9fb.dir/build.make CMakeFiles/cmTC_eb9fb.dir/build
make[1]: Entering directory '/home/mpcjanssen/src/simpletask-android/cli/CMakeFiles/CMakeTmp'
Building C object CMakeFiles/cmTC_eb9fb.dir/src.c.o
/home/mpcjanssen/bin/android/ndk-bundle/toolchains/x86-4.9/prebuilt/linux-x86_64/bin/i686-linux-android-gcc  -DANDROID -isystem /home/mpcjanssen/bin/android/ndk-bundle/platforms/android-16/arch-x86/usr/include -isystem /home/mpcjanssen/bin/android/ndk-bundle/sources/cxx-stl/gnu-libstdc++/4.9/include -isystem /home/mpcjanssen/bin/android/ndk-bundle/sources/cxx-stl/gnu-libstdc++/4.9/libs/x86/include -isystem /home/mpcjanssen/bin/android/ndk-bundle/sources/cxx-stl/gnu-libstdc++/4.9/include/backward  -fexceptions --sysroot=/home/mpcjanssen/bin/android/ndk-bundle/platforms/android-16/arch-x86 -funwind-tables -funswitch-loops -finline-limit=300 -fsigned-char -no-canonical-prefixes -fdata-sections -ffunction-sections -Wa,--noexecstack  -DHAVE_TM_GMTOFF -fPIE   -o CMakeFiles/cmTC_eb9fb.dir/src.c.o   -c /home/mpcjanssen/src/simpletask-android/cli/CMakeFiles/CMakeTmp/src.c
Linking C executable cmTC_eb9fb
/usr/bin/cmake -E cmake_link_script CMakeFiles/cmTC_eb9fb.dir/link.txt --verbose=1
/home/mpcjanssen/bin/android/ndk-bundle/toolchains/x86-4.9/prebuilt/linux-x86_64/bin/i686-linux-android-gcc  -fexceptions --sysroot=/home/mpcjanssen/bin/android/ndk-bundle/platforms/android-16/arch-x86 -funwind-tables -funswitch-loops -finline-limit=300 -fsigned-char -no-canonical-prefixes -fdata-sections -ffunction-sections -Wa,--noexecstack  -DHAVE_TM_GMTOFF   -Wl,--no-undefined -Wl,-allow-shlib-undefined -Wl,--gc-sections -Wl,-z,noexecstack -Wl,-z,relro -Wl,-z,now -Wl,-z,nocopyreloc -fPIE -pie  CMakeFiles/cmTC_eb9fb.dir/src.c.o -o cmTC_eb9fb  -L/libs/x86   "/home/mpcjanssen/bin/android/ndk-bundle/sources/cxx-stl/gnu-libstdc++/4.9/libs/x86/libsupc++.a"
make[1]: Leaving directory '/home/mpcjanssen/src/simpletask-android/cli/CMakeFiles/CMakeTmp'

Source file was:

#include <time.h>

int main()
{
   (void)sizeof(((struct tm *)0)->tm_gmtoff);
   return 0;
}

